\BOOKMARK [0][-]{dummy.2}{\376\377\000N\000o\000m\000e\000n\000c\000l\000a\000t\000u\000r\000e}{}% 1
\BOOKMARK [0][-]{dummy.5}{\376\377\000A\000c\000r\000o\000n\000y\000m\000s}{}% 2
\BOOKMARK [0][-]{chapter.8}{\376\377\0001\000\040\000I\000n\000t\000r\000o\000d\000u\000c\000t\000i\000o\000n}{}% 3
\BOOKMARK [1][-]{section.9}{\376\377\0001\000.\0001\000\040\000F\000o\000g\000\040\000C\000o\000m\000p\000u\000t\000i\000n\000g\000\040\000O\000v\000e\000r\000v\000i\000e\000w}{chapter.8}% 4
\BOOKMARK [1][-]{section.17}{\376\377\0001\000.\0002\000\040\000F\000o\000g\000\040\000C\000o\000m\000p\000u\000t\000i\000n\000g\000\040\000A\000p\000p\000l\000i\000c\000a\000t\000i\000o\000n\000\040\000S\000c\000e\000n\000a\000r\000i\000o\000s}{chapter.8}% 5
\BOOKMARK [1][-]{section.18}{\376\377\0001\000.\0003\000\040\000F\000o\000g\000\040\000C\000o\000m\000p\000u\000t\000i\000n\000g\000\040\000R\000e\000s\000o\000u\000r\000c\000e\000\040\000A\000l\000l\000o\000c\000a\000t\000i\000o\000n}{chapter.8}% 6
\BOOKMARK [1][-]{section.22}{\376\377\0001\000.\0004\000\040\000R\000e\000s\000e\000a\000r\000c\000h\000\040\000C\000h\000a\000l\000l\000e\000n\000g\000e\000s}{chapter.8}% 7
\BOOKMARK [1][-]{section.31}{\376\377\0001\000.\0005\000\040\000R\000e\000s\000e\000a\000r\000c\000h\000\040\000C\000o\000n\000t\000r\000i\000b\000u\000t\000i\000o\000n\000s}{chapter.8}% 8
\BOOKMARK [1][-]{section.36}{\376\377\0001\000.\0006\000\040\000O\000u\000t\000l\000i\000n\000e\000\040\000o\000f\000\040\000t\000h\000e\000\040\000R\000e\000p\000o\000r\000t}{chapter.8}% 9
\BOOKMARK [0][-]{chapter.37}{\376\377\0002\000\040\000L\000i\000t\000e\000r\000a\000t\000u\000r\000e\000\040\000R\000e\000v\000i\000e\000w}{}% 10
\BOOKMARK [1][-]{section.38}{\376\377\0002\000.\0001\000\040\000P\000r\000e\000l\000i\000m\000i\000n\000a\000r\000i\000e\000s}{chapter.37}% 11
\BOOKMARK [2][-]{subsection.39}{\376\377\0002\000.\0001\000.\0001\000\040\000G\000a\000m\000e\000\040\000T\000h\000e\000o\000r\000y}{section.38}% 12
\BOOKMARK [2][-]{subsection.40}{\376\377\0002\000.\0001\000.\0002\000\040\000M\000e\000c\000h\000a\000n\000i\000s\000m\000\040\000D\000e\000s\000i\000g\000n}{section.38}% 13
\BOOKMARK [3][-]{subsubsection.47}{\376\377\0002\000.\0001\000.\0002\000.\0001\000\040\000S\000o\000c\000i\000a\000l\000\040\000C\000h\000o\000i\000c\000e\000s\000\040\000a\000n\000d\000\040\000M\000e\000c\000h\000a\000n\000i\000s\000m\000s}{subsection.40}% 14
\BOOKMARK [3][-]{subsubsection.53}{\376\377\0002\000.\0001\000.\0002\000.\0002\000\040\000D\000i\000r\000e\000c\000t\000-\000R\000e\000v\000e\000l\000a\000t\000i\000o\000n\000\040\000M\000e\000c\000h\000a\000n\000i\000s\000m\000s\000\040\000a\000n\000d\000\040\000T\000r\000u\000t\000h\000f\000u\000l\000n\000e\000s\000s}{subsection.40}% 15
\BOOKMARK [3][-]{subsubsection.64}{\376\377\0002\000.\0001\000.\0002\000.\0003\000\040\000V\000C\000G\000\040\000M\000e\000c\000h\000a\000n\000i\000s\000m\000s}{subsection.40}% 16
\BOOKMARK [2][-]{subsection.67}{\376\377\0002\000.\0001\000.\0003\000\040\000O\000n\000l\000i\000n\000e\000\040\000M\000e\000c\000h\000a\000n\000i\000s\000m\000\040\000D\000e\000s\000i\000g\000n}{section.38}% 17
\BOOKMARK [3][-]{subsubsection.71}{\376\377\0002\000.\0001\000.\0003\000.\0001\000\040\000D\000i\000r\000e\000c\000t\000-\000R\000e\000v\000e\000l\000a\000t\000i\000o\000n\000\040\000O\000n\000l\000i\000n\000e\000\040\000M\000e\000c\000h\000a\000n\000i\000s\000m\000s}{subsection.67}% 18
\BOOKMARK [3][-]{subsubsection.76}{\376\377\0002\000.\0001\000.\0003\000.\0002\000\040\000S\000i\000n\000g\000l\000e\000-\000V\000a\000l\000u\000e\000d\000\040\000O\000n\000l\000i\000n\000e\000\040\000D\000o\000m\000a\000i\000n\000s}{subsection.67}% 19
\BOOKMARK [1][-]{section.80}{\376\377\0002\000.\0002\000\040\000G\000e\000n\000e\000r\000a\000l\000\040\000M\000u\000l\000t\000i\000a\000g\000e\000n\000t\000\040\000R\000e\000s\000o\000u\000r\000c\000e\000\040\000A\000l\000l\000o\000c\000a\000t\000i\000o\000n}{chapter.37}% 20
\BOOKMARK [2][-]{subsection.81}{\376\377\0002\000.\0002\000.\0001\000\040\000B\000a\000c\000k\000g\000r\000o\000u\000n\000d}{section.80}% 21
\BOOKMARK [2][-]{subsection.82}{\376\377\0002\000.\0002\000.\0002\000\040\000O\000f\000f\000l\000i\000n\000e\000\040\000M\000e\000c\000h\000a\000n\000i\000s\000m\000s\000\040\000f\000o\000r\000\040\000G\000e\000n\000e\000r\000a\000l\000\040\000M\000u\000l\000t\000i\000a\000g\000e\000n\000t\000\040\000R\000e\000s\000o\000u\000r\000c\000e\000\040\000A\000l\000l\000o\000c\000a\000t\000i\000o\000n}{section.80}% 22
\BOOKMARK [2][-]{subsection.83}{\376\377\0002\000.\0002\000.\0003\000\040\000O\000n\000l\000i\000n\000e\000\040\000M\000e\000c\000h\000a\000n\000i\000s\000m\000s\000\040\000f\000o\000r\000\040\000G\000e\000n\000e\000r\000a\000l\000\040\000M\000u\000l\000t\000i\000a\000g\000e\000n\000t\000\040\000R\000e\000s\000o\000u\000r\000c\000e\000\040\000A\000l\000l\000o\000c\000a\000t\000i\000o\000n}{section.80}% 23
\BOOKMARK [1][-]{section.84}{\376\377\0002\000.\0003\000\040\000R\000e\000s\000o\000u\000r\000c\000e\000\040\000A\000l\000l\000o\000c\000a\000t\000i\000o\000n\000\040\000i\000n\000\040\000C\000l\000o\000u\000d\000\040\000C\000o\000m\000p\000u\000t\000i\000n\000g\000\040}{chapter.37}% 24
\BOOKMARK [2][-]{subsection.92}{\376\377\0002\000.\0003\000.\0001\000\040\000O\000f\000f\000l\000i\000n\000e\000\040\000M\000e\000c\000h\000a\000n\000i\000s\000m\000\040\000f\000o\000r\000\040\000R\000A\000C\000C}{section.84}% 25
\BOOKMARK [2][-]{subsection.93}{\376\377\0002\000.\0003\000.\0002\000\040\000O\000n\000l\000i\000n\000e\000\040\000M\000e\000c\000h\000a\000n\000i\000s\000m\000\040\000f\000o\000r\000\040\000R\000A\000C\000C}{section.84}% 26
\BOOKMARK [1][-]{section.94}{\376\377\0002\000.\0004\000\040\000R\000e\000s\000o\000u\000r\000c\000e\000\040\000A\000l\000l\000o\000c\000a\000t\000i\000o\000n\000\040\000i\000n\000\040\000F\000o\000g\000\040\000C\000o\000m\000p\000u\000t\000i\000n\000g}{chapter.37}% 27
\BOOKMARK [2][-]{subsection.95}{\376\377\0002\000.\0004\000.\0001\000\040\000O\000f\000f\000l\000i\000n\000e\000\040\000M\000e\000c\000h\000a\000n\000i\000s\000m\000s\000\040\000f\000o\000r\000\040\000R\000A\000F\000C}{section.94}% 28
\BOOKMARK [2][-]{subsection.96}{\376\377\0002\000.\0004\000.\0002\000\040\000O\000n\000l\000i\000n\000e\000\040\000M\000e\000c\000h\000a\000n\000i\000s\000m\000s\000\040\000f\000o\000r\000\040\000R\000A\000F\000C}{section.94}% 29
\BOOKMARK [1][-]{section.97}{\376\377\0002\000.\0005\000\040\000S\000u\000m\000m\000a\000r\000y}{chapter.37}% 30
\BOOKMARK [0][-]{chapter.98}{\376\377\0003\000\040\000P\000r\000o\000b\000l\000e\000m\000\040\000M\000o\000d\000e\000l\000\040\000a\000n\000d\000\040\000R\000e\000s\000o\000u\000r\000c\000e\000\040\000A\000l\000l\000o\000c\000a\000t\000i\000o\000n\000\040\000M\000e\000c\000h\000a\000n\000i\000s\000m\000s}{}% 31
\BOOKMARK [1][-]{section.99}{\376\377\0003\000.\0001\000\040\000M\000o\000d\000e\000l\000\040\000o\000f\000\040\000R\000A\000F\000C}{chapter.98}% 32
\BOOKMARK [2][-]{subsection.100}{\376\377\0003\000.\0001\000.\0001\000\040\000O\000v\000e\000r\000v\000i\000e\000w\000\040\000o\000f\000\040\000t\000h\000e\000\040\000M\000o\000d\000e\000l}{section.99}% 33
\BOOKMARK [2][-]{subsection.103}{\376\377\0003\000.\0001\000.\0002\000\040\000F\000o\000r\000m\000a\000l\000\040\000M\000o\000d\000e\000l}{section.99}% 34
\BOOKMARK [1][-]{section.115}{\376\377\0003\000.\0002\000\040\000P\000r\000i\000c\000e\000-\000b\000a\000s\000e\000d\000\040\000M\000e\000c\000h\000a\000n\000i\000s\000m\000s}{chapter.98}% 35
\BOOKMARK [1][-]{section.128}{\376\377\0003\000.\0003\000\040\000R\000e\000s\000o\000u\000r\000c\000e\000\040\000A\000l\000l\000o\000c\000a\000t\000i\000o\000n\000\040\000B\000e\000n\000c\000h\000m\000a\000r\000k\000\040\000M\000e\000c\000h\000a\000n\000i\000s\000m\000s}{chapter.98}% 36
\BOOKMARK [2][-]{subsection.129}{\376\377\0003\000.\0003\000.\0001\000\040\000O\000f\000f\000l\000i\000n\000e\000\040\000O\000p\000t\000i\000m\000a\000l\000\040\000M\000e\000c\000h\000a\000n\000i\000s\000m}{section.128}% 37
\BOOKMARK [2][-]{subsection.130}{\376\377\0003\000.\0003\000.\0002\000\040\000O\000n\000l\000i\000n\000e\000\040\000O\000p\000t\000i\000m\000a\000l\000\040\000M\000e\000c\000h\000a\000n\000i\000s\000m}{section.128}% 38
\BOOKMARK [2][-]{subsection.134}{\376\377\0003\000.\0003\000.\0003\000\040\000O\000n\000l\000i\000n\000e\000\040\000G\000r\000e\000e\000d\000y\000\040\000\050\000O\000G\000\051\000\040\000M\000e\000c\000h\000a\000n\000i\000s\000m}{section.128}% 39
\BOOKMARK [2][-]{subsection.139}{\376\377\0003\000.\0003\000.\0004\000\040\000S\000W\000M\000O\000A\0002\000\040\000M\000e\000c\000h\000a\000n\000i\000s\000m}{section.128}% 40
\BOOKMARK [1][-]{section.144}{\376\377\0003\000.\0004\000\040\000F\000l\000e\000x\000i\000b\000l\000e\000\040\000O\000n\000l\000i\000n\000e\000\040\000G\000r\000e\000e\000d\000y\000\040\000\050\000F\000l\000e\000x\000O\000G\000\051\000\040\000M\000e\000c\000h\000a\000n\000i\000s\000m}{chapter.98}% 41
\BOOKMARK [2][-]{subsection.149}{\376\377\0003\000.\0004\000.\0001\000\040\000N\000o\000\040\000L\000i\000m\000i\000t\000e\000d\000\040\000M\000i\000s\000r\000e\000p\000o\000r\000t\000\040\000o\000f\000\040\000D\000e\000a\000d\000l\000i\000n\000e\000s}{section.144}% 42
\BOOKMARK [1][-]{section.151}{\376\377\0003\000.\0005\000\040\000S\000u\000m\000m\000a\000r\000y}{chapter.98}% 43
\BOOKMARK [0][-]{chapter.152}{\376\377\0004\000\040\000S\000i\000m\000u\000l\000a\000t\000i\000o\000n\000s\000\040\000a\000n\000d\000\040\000R\000e\000s\000u\000l\000t\000s}{}% 44
\BOOKMARK [1][-]{section.153}{\376\377\0004\000.\0001\000\040\000E\000x\000p\000e\000r\000i\000m\000e\000n\000t\000a\000l\000\040\000S\000e\000t\000u\000p}{chapter.152}% 45
\BOOKMARK [1][-]{section.158}{\376\377\0004\000.\0002\000\040\000R\000e\000s\000u\000l\000t\000s\000\040\000a\000n\000d\000\040\000A\000n\000a\000l\000y\000s\000i\000s}{chapter.152}% 46
\BOOKMARK [2][-]{subsection.159}{\376\377\0004\000.\0002\000.\0001\000\040\000S\000o\000c\000i\000a\000l\000\040\000W\000e\000l\000f\000a\000r\000e\000\040\000o\000f\000\040\000D\000i\000f\000f\000e\000r\000e\000n\000t\000\040\000R\000e\000s\000o\000u\000r\000c\000e\000\040\000S\000c\000a\000r\000c\000i\000t\000y}{section.158}% 47
\BOOKMARK [2][-]{subsection.165}{\376\377\0004\000.\0002\000.\0002\000\040\000S\000o\000c\000i\000a\000l\000\040\000W\000e\000l\000f\000a\000r\000e\000\040\000o\000f\000\040\000D\000i\000f\000f\000e\000r\000e\000n\000t\000\040\000D\000e\000a\000d\000l\000i\000n\000e\000\040\000S\000l\000a\000c\000k\000n\000e\000s\000s}{section.158}% 48
\BOOKMARK [2][-]{subsection.169}{\376\377\0004\000.\0002\000.\0003\000\040\000P\000r\000o\000c\000e\000s\000s\000i\000n\000g\000\040\000T\000i\000m\000e\000\040\000o\000f\000\040\000D\000i\000f\000f\000e\000r\000e\000n\000t\000\040\000M\000e\000c\000h\000a\000n\000i\000s\000m\000s}{section.158}% 49
\BOOKMARK [2][-]{subsection.174}{\376\377\0004\000.\0002\000.\0004\000\040\000U\000t\000i\000l\000i\000t\000y\000\040\000o\000f\000\040\000T\000r\000u\000t\000h\000f\000u\000l\000\040\000a\000n\000d\000\040\000N\000o\000n\000-\000t\000r\000u\000t\000h\000f\000u\000l\000\040\000U\000s\000e\000r\000s}{section.158}% 50
\BOOKMARK [1][-]{section.176}{\376\377\0004\000.\0003\000\040\000S\000u\000m\000m\000a\000r\000y}{chapter.152}% 51
\BOOKMARK [0][-]{chapter.177}{\376\377\0005\000\040\000C\000o\000n\000c\000l\000u\000s\000i\000o\000n\000s\000\040\000a\000n\000d\000\040\000F\000u\000t\000u\000r\000e\000\040\000W\000o\000r\000k}{}% 52
\BOOKMARK [1][-]{section.178}{\376\377\0005\000.\0001\000\040\000R\000e\000s\000e\000a\000r\000c\000h\000\040\000S\000u\000m\000m\000a\000r\000y}{chapter.177}% 53
\BOOKMARK [1][-]{section.179}{\376\377\0005\000.\0002\000\040\000R\000e\000s\000e\000a\000r\000c\000h\000\040\000C\000o\000n\000t\000r\000i\000b\000u\000t\000i\000o\000n\000s}{chapter.177}% 54
\BOOKMARK [2][-]{subsection.180}{\376\377\0005\000.\0002\000.\0001\000\040\000F\000o\000r\000m\000u\000l\000a\000t\000i\000o\000n\000\040\000o\000f\000\040\000t\000h\000e\000\040\000R\000A\000F\000C\000\040\000P\000r\000o\000b\000l\000e\000m}{section.179}% 55
\BOOKMARK [2][-]{subsection.181}{\376\377\0005\000.\0002\000.\0002\000\040\000D\000e\000s\000i\000g\000n\000\040\000o\000f\000\040\000F\000l\000e\000x\000O\000G}{section.179}% 56
\BOOKMARK [1][-]{section.182}{\376\377\0005\000.\0003\000\040\000E\000m\000p\000i\000r\000i\000c\000a\000l\000\040\000E\000v\000a\000l\000u\000a\000t\000i\000o\000n\000\040\000o\000f\000\040\000F\000l\000e\000x\000O\000G}{chapter.177}% 57
\BOOKMARK [1][-]{section.183}{\376\377\0005\000.\0004\000\040\000F\000u\000t\000u\000r\000e\000\040\000W\000o\000r\000k}{chapter.177}% 58
\BOOKMARK [2][-]{subsection.184}{\376\377\0005\000.\0004\000.\0001\000\040\000F\000u\000t\000u\000r\000e\000\040\000E\000m\000p\000i\000r\000i\000c\000a\000l\000\040\000E\000v\000a\000l\000u\000a\000t\000i\000o\000n}{section.183}% 59
\BOOKMARK [2][-]{subsection.185}{\376\377\0005\000.\0004\000.\0002\000\040\000F\000u\000t\000u\000r\000e\000\040\000R\000e\000s\000o\000u\000r\000c\000e\000\040\000A\000l\000l\000o\000c\000a\000t\000i\000o\000n\000\040\000M\000e\000c\000h\000a\000n\000i\000s\000m\000s}{section.183}% 60
\BOOKMARK [0][-]{appendix.189}{\376\377\000A\000\040\000A\000p\000p\000e\000n\000d\000i\000x}{}% 61
\BOOKMARK [0][-]{dummy.190}{\376\377\000R\000e\000f\000e\000r\000e\000n\000c\000e\000s}{}% 62
