\BOOKMARK [0][-]{dummy.2}{\376\377\000N\000o\000m\000e\000n\000c\000l\000a\000t\000u\000r\000e}{}% 1
\BOOKMARK [0][-]{dummy.5}{\376\377\000A\000c\000r\000o\000n\000y\000m\000s}{}% 2
\BOOKMARK [0][-]{chapter.8}{\376\377\0001\000\040\000I\000n\000t\000r\000o\000d\000u\000c\000t\000i\000o\000n}{}% 3
\BOOKMARK [1][-]{section.9}{\376\377\0001\000.\0001\000\040\000F\000o\000g\000\040\000C\000o\000m\000p\000u\000t\000i\000n\000g\000\040\000O\000v\000e\000r\000v\000i\000e\000w}{chapter.8}% 4
\BOOKMARK [1][-]{section.17}{\376\377\0001\000.\0002\000\040\000F\000o\000g\000\040\000C\000o\000m\000p\000u\000t\000i\000n\000g\000\040\000A\000p\000p\000l\000i\000c\000a\000t\000i\000o\000n\000\040\000S\000c\000e\000n\000a\000r\000i\000o\000s}{chapter.8}% 5
\BOOKMARK [1][-]{section.18}{\376\377\0001\000.\0003\000\040\000F\000o\000g\000\040\000C\000o\000m\000p\000u\000t\000i\000n\000g\000\040\000R\000e\000s\000o\000u\000r\000c\000e\000\040\000A\000l\000l\000o\000c\000a\000t\000i\000o\000n}{chapter.8}% 6
\BOOKMARK [1][-]{section.22}{\376\377\0001\000.\0004\000\040\000R\000e\000s\000e\000a\000r\000c\000h\000\040\000C\000h\000a\000l\000l\000e\000n\000g\000e\000s}{chapter.8}% 7
\BOOKMARK [1][-]{section.31}{\376\377\0001\000.\0005\000\040\000R\000e\000s\000e\000a\000r\000c\000h\000\040\000C\000o\000n\000t\000r\000i\000b\000u\000t\000i\000o\000n\000s}{chapter.8}% 8
\BOOKMARK [1][-]{section.36}{\376\377\0001\000.\0006\000\040\000O\000u\000t\000l\000i\000n\000e\000\040\000o\000f\000\040\000t\000h\000e\000\040\000R\000e\000p\000o\000r\000t}{chapter.8}% 9
\BOOKMARK [0][-]{chapter.37}{\376\377\0002\000\040\000L\000i\000t\000e\000r\000a\000t\000u\000r\000e\000\040\000R\000e\000v\000i\000e\000w}{}% 10
\BOOKMARK [1][-]{section.38}{\376\377\0002\000.\0001\000\040\000P\000r\000e\000l\000i\000m\000i\000n\000a\000r\000i\000e\000s}{chapter.37}% 11
\BOOKMARK [2][-]{subsection.39}{\376\377\0002\000.\0001\000.\0001\000\040\000G\000a\000m\000e\000\040\000T\000h\000e\000o\000r\000y}{section.38}% 12
\BOOKMARK [2][-]{subsection.40}{\376\377\0002\000.\0001\000.\0002\000\040\000M\000e\000c\000h\000a\000n\000i\000s\000m\000\040\000D\000e\000s\000i\000g\000n}{section.38}% 13
\BOOKMARK [3][-]{subsubsection.47}{\376\377\0002\000.\0001\000.\0002\000.\0001\000\040\000S\000o\000c\000i\000a\000l\000\040\000C\000h\000o\000i\000c\000e\000s\000\040\000a\000n\000d\000\040\000M\000e\000c\000h\000a\000n\000i\000s\000m\000s}{subsection.40}% 14
\BOOKMARK [3][-]{subsubsection.54}{\376\377\0002\000.\0001\000.\0002\000.\0002\000\040\000D\000i\000r\000e\000c\000t\000-\000R\000e\000v\000e\000l\000a\000t\000i\000o\000n\000\040\000M\000e\000c\000h\000a\000n\000i\000s\000m\000s\000\040\000a\000n\000d\000\040\000T\000r\000u\000t\000h\000f\000u\000l\000n\000e\000s\000s}{subsection.40}% 15
\BOOKMARK [2][-]{subsection.65}{\376\377\0002\000.\0001\000.\0003\000\040\000O\000n\000l\000i\000n\000e\000\040\000M\000e\000c\000h\000a\000n\000i\000s\000m\000\040\000D\000e\000s\000i\000g\000n}{section.38}% 16
\BOOKMARK [3][-]{subsubsection.69}{\376\377\0002\000.\0001\000.\0003\000.\0001\000\040\000D\000i\000r\000e\000c\000t\000-\000R\000e\000v\000e\000l\000a\000t\000i\000o\000n\000\040\000O\000n\000l\000i\000n\000e\000\040\000M\000e\000c\000h\000a\000n\000i\000s\000m\000s}{subsection.65}% 17
\BOOKMARK [1][-]{section.73}{\376\377\0002\000.\0002\000\040\000G\000e\000n\000e\000r\000a\000l\000\040\000M\000u\000l\000t\000i\000a\000g\000e\000n\000t\000\040\000R\000e\000s\000o\000u\000r\000c\000e\000\040\000A\000l\000l\000o\000c\000a\000t\000i\000o\000n}{chapter.37}% 18
\BOOKMARK [2][-]{subsection.74}{\376\377\0002\000.\0002\000.\0001\000\040\000B\000a\000c\000k\000g\000r\000o\000u\000n\000d}{section.73}% 19
\BOOKMARK [2][-]{subsection.75}{\376\377\0002\000.\0002\000.\0002\000\040\000O\000f\000f\000l\000i\000n\000e\000\040\000M\000e\000c\000h\000a\000n\000i\000s\000m\000s\000\040\000f\000o\000r\000\040\000G\000e\000n\000e\000r\000a\000l\000\040\000M\000u\000l\000t\000i\000a\000g\000e\000n\000t\000\040\000R\000e\000s\000o\000u\000r\000c\000e\000\040\000A\000l\000l\000o\000c\000a\000t\000i\000o\000n}{section.73}% 20
\BOOKMARK [2][-]{subsection.76}{\376\377\0002\000.\0002\000.\0003\000\040\000O\000n\000l\000i\000n\000e\000\040\000M\000e\000c\000h\000a\000n\000i\000s\000m\000s\000\040\000f\000o\000r\000\040\000G\000e\000n\000e\000r\000a\000l\000\040\000M\000u\000l\000t\000i\000a\000g\000e\000n\000t\000\040\000R\000e\000s\000o\000u\000r\000c\000e\000\040\000A\000l\000l\000o\000c\000a\000t\000i\000o\000n}{section.73}% 21
\BOOKMARK [1][-]{section.77}{\376\377\0002\000.\0003\000\040\000R\000e\000s\000o\000u\000r\000c\000e\000\040\000A\000l\000l\000o\000c\000a\000t\000i\000o\000n\000\040\000i\000n\000\040\000C\000l\000o\000u\000d\000\040\000C\000o\000m\000p\000u\000t\000i\000n\000g}{chapter.37}% 22
\BOOKMARK [2][-]{subsection.85}{\376\377\0002\000.\0003\000.\0001\000\040\000O\000f\000f\000l\000i\000n\000e\000\040\000M\000e\000c\000h\000a\000n\000i\000s\000m\000\040\000f\000o\000r\000\040\000R\000A\000C\000C}{section.77}% 23
\BOOKMARK [2][-]{subsection.86}{\376\377\0002\000.\0003\000.\0002\000\040\000O\000n\000l\000i\000n\000e\000\040\000M\000e\000c\000h\000a\000n\000i\000s\000m\000\040\000f\000o\000r\000\040\000R\000A\000C\000C}{section.77}% 24
\BOOKMARK [1][-]{section.87}{\376\377\0002\000.\0004\000\040\000R\000e\000s\000o\000u\000r\000c\000e\000\040\000A\000l\000l\000o\000c\000a\000t\000i\000o\000n\000\040\000i\000n\000\040\000F\000o\000g\000\040\000C\000o\000m\000p\000u\000t\000i\000n\000g}{chapter.37}% 25
\BOOKMARK [2][-]{subsection.88}{\376\377\0002\000.\0004\000.\0001\000\040\000O\000f\000f\000l\000i\000n\000e\000\040\000M\000e\000c\000h\000a\000n\000i\000s\000m\000s\000\040\000f\000o\000r\000\040\000R\000A\000F\000C}{section.87}% 26
\BOOKMARK [2][-]{subsection.89}{\376\377\0002\000.\0004\000.\0002\000\040\000O\000n\000l\000i\000n\000e\000\040\000M\000e\000c\000h\000a\000n\000i\000s\000m\000s\000\040\000f\000o\000r\000\040\000R\000A\000F\000C}{section.87}% 27
\BOOKMARK [1][-]{section.90}{\376\377\0002\000.\0005\000\040\000S\000u\000m\000m\000a\000r\000y}{chapter.37}% 28
\BOOKMARK [0][-]{chapter.91}{\376\377\0003\000\040\000P\000r\000o\000b\000l\000e\000m\000\040\000M\000o\000d\000e\000l\000\040\000a\000n\000d\000\040\000R\000e\000s\000o\000u\000r\000c\000e\000\040\000A\000l\000l\000o\000c\000a\000t\000i\000o\000n\000\040\000M\000e\000c\000h\000a\000n\000i\000s\000m\000s}{}% 29
\BOOKMARK [1][-]{section.92}{\376\377\0003\000.\0001\000\040\000M\000o\000d\000e\000l\000\040\000o\000f\000\040\000R\000A\000F\000C}{chapter.91}% 30
\BOOKMARK [2][-]{subsection.93}{\376\377\0003\000.\0001\000.\0001\000\040\000O\000v\000e\000r\000v\000i\000e\000w\000\040\000o\000f\000\040\000t\000h\000e\000\040\000M\000o\000d\000e\000l}{section.92}% 31
\BOOKMARK [2][-]{subsection.96}{\376\377\0003\000.\0001\000.\0002\000\040\000F\000o\000r\000m\000a\000l\000\040\000M\000o\000d\000e\000l}{section.92}% 32
\BOOKMARK [1][-]{section.108}{\376\377\0003\000.\0002\000\040\000P\000r\000i\000c\000e\000-\000b\000a\000s\000e\000d\000\040\000M\000e\000c\000h\000a\000n\000i\000s\000m\000s}{chapter.91}% 33
\BOOKMARK [1][-]{section.121}{\376\377\0003\000.\0003\000\040\000R\000e\000s\000o\000u\000r\000c\000e\000\040\000A\000l\000l\000o\000c\000a\000t\000i\000o\000n\000\040\000B\000e\000n\000c\000h\000m\000a\000r\000k\000\040\000M\000e\000c\000h\000a\000n\000i\000s\000m\000s}{chapter.91}% 34
\BOOKMARK [2][-]{subsection.122}{\376\377\0003\000.\0003\000.\0001\000\040\000O\000f\000f\000l\000i\000n\000e\000\040\000O\000p\000t\000i\000m\000a\000l\000\040\000M\000e\000c\000h\000a\000n\000i\000s\000m}{section.121}% 35
\BOOKMARK [2][-]{subsection.123}{\376\377\0003\000.\0003\000.\0002\000\040\000O\000n\000l\000i\000n\000e\000\040\000O\000p\000t\000i\000m\000a\000l\000\040\000M\000e\000c\000h\000a\000n\000i\000s\000m}{section.121}% 36
\BOOKMARK [2][-]{subsection.127}{\376\377\0003\000.\0003\000.\0003\000\040\000O\000n\000l\000i\000n\000e\000\040\000G\000r\000e\000e\000d\000y\000\040\000\050\000O\000G\000\051\000\040\000M\000e\000c\000h\000a\000n\000i\000s\000m}{section.121}% 37
\BOOKMARK [2][-]{subsection.132}{\376\377\0003\000.\0003\000.\0004\000\040\000S\000W\000M\000O\000A\0002\000\040\000M\000e\000c\000h\000a\000n\000i\000s\000m}{section.121}% 38
\BOOKMARK [1][-]{section.137}{\376\377\0003\000.\0004\000\040\000F\000l\000e\000x\000i\000b\000l\000e\000\040\000O\000n\000l\000i\000n\000e\000\040\000G\000r\000e\000e\000d\000y\000\040\000\050\000F\000l\000e\000x\000O\000G\000\051\000\040\000M\000e\000c\000h\000a\000n\000i\000s\000m}{chapter.91}% 39
\BOOKMARK [2][-]{subsection.142}{\376\377\0003\000.\0004\000.\0001\000\040\000N\000o\000\040\000L\000i\000m\000i\000t\000e\000d\000\040\000M\000i\000s\000r\000e\000p\000o\000r\000t\000\040\000o\000f\000\040\000D\000e\000a\000d\000l\000i\000n\000e\000s}{section.137}% 40
\BOOKMARK [1][-]{section.144}{\376\377\0003\000.\0005\000\040\000S\000u\000m\000m\000a\000r\000y}{chapter.91}% 41
\BOOKMARK [0][-]{chapter.145}{\376\377\0004\000\040\000S\000i\000m\000u\000l\000a\000t\000i\000o\000n\000s\000\040\000a\000n\000d\000\040\000R\000e\000s\000u\000l\000t\000s}{}% 42
\BOOKMARK [1][-]{section.146}{\376\377\0004\000.\0001\000\040\000E\000x\000p\000e\000r\000i\000m\000e\000n\000t\000a\000l\000\040\000S\000e\000t\000u\000p}{chapter.145}% 43
\BOOKMARK [1][-]{section.151}{\376\377\0004\000.\0002\000\040\000R\000e\000s\000u\000l\000t\000s\000\040\000a\000n\000d\000\040\000A\000n\000a\000l\000y\000s\000i\000s}{chapter.145}% 44
\BOOKMARK [2][-]{subsection.152}{\376\377\0004\000.\0002\000.\0001\000\040\000S\000o\000c\000i\000a\000l\000\040\000W\000e\000l\000f\000a\000r\000e\000\040\000o\000f\000\040\000D\000i\000f\000f\000e\000r\000e\000n\000t\000\040\000R\000e\000s\000o\000u\000r\000c\000e\000\040\000S\000c\000a\000r\000c\000i\000t\000y}{section.151}% 45
\BOOKMARK [2][-]{subsection.158}{\376\377\0004\000.\0002\000.\0002\000\040\000S\000o\000c\000i\000a\000l\000\040\000W\000e\000l\000f\000a\000r\000e\000\040\000o\000f\000\040\000D\000i\000f\000f\000e\000r\000e\000n\000t\000\040\000D\000e\000a\000d\000l\000i\000n\000e\000\040\000S\000l\000a\000c\000k\000n\000e\000s\000s}{section.151}% 46
\BOOKMARK [2][-]{subsection.162}{\376\377\0004\000.\0002\000.\0003\000\040\000P\000r\000o\000c\000e\000s\000s\000i\000n\000g\000\040\000T\000i\000m\000e\000\040\000o\000f\000\040\000D\000i\000f\000f\000e\000r\000e\000n\000t\000\040\000M\000e\000c\000h\000a\000n\000i\000s\000m\000s}{section.151}% 47
\BOOKMARK [2][-]{subsection.167}{\376\377\0004\000.\0002\000.\0004\000\040\000U\000t\000i\000l\000i\000t\000y\000\040\000o\000f\000\040\000T\000r\000u\000t\000h\000f\000u\000l\000\040\000a\000n\000d\000\040\000N\000o\000n\000-\000t\000r\000u\000t\000h\000f\000u\000l\000\040\000U\000s\000e\000r\000s}{section.151}% 48
\BOOKMARK [1][-]{section.169}{\376\377\0004\000.\0003\000\040\000S\000u\000m\000m\000a\000r\000y}{chapter.145}% 49
\BOOKMARK [0][-]{chapter.170}{\376\377\0005\000\040\000C\000o\000n\000c\000l\000u\000s\000i\000o\000n\000s\000\040\000a\000n\000d\000\040\000F\000u\000t\000u\000r\000e\000\040\000W\000o\000r\000k}{}% 50
\BOOKMARK [1][-]{section.171}{\376\377\0005\000.\0001\000\040\000R\000e\000s\000e\000a\000r\000c\000h\000\040\000S\000u\000m\000m\000a\000r\000y}{chapter.170}% 51
\BOOKMARK [1][-]{section.172}{\376\377\0005\000.\0002\000\040\000R\000e\000s\000e\000a\000r\000c\000h\000\040\000C\000o\000n\000t\000r\000i\000b\000u\000t\000i\000o\000n\000s}{chapter.170}% 52
\BOOKMARK [2][-]{subsection.173}{\376\377\0005\000.\0002\000.\0001\000\040\000F\000o\000r\000m\000u\000l\000a\000t\000i\000o\000n\000\040\000o\000f\000\040\000t\000h\000e\000\040\000R\000A\000F\000C\000\040\000P\000r\000o\000b\000l\000e\000m}{section.172}% 53
\BOOKMARK [2][-]{subsection.174}{\376\377\0005\000.\0002\000.\0002\000\040\000D\000e\000s\000i\000g\000n\000\040\000o\000f\000\040\000F\000l\000e\000x\000O\000G}{section.172}% 54
\BOOKMARK [1][-]{section.175}{\376\377\0005\000.\0003\000\040\000E\000m\000p\000i\000r\000i\000c\000a\000l\000\040\000E\000v\000a\000l\000u\000a\000t\000i\000o\000n\000\040\000o\000f\000\040\000F\000l\000e\000x\000O\000G}{chapter.170}% 55
\BOOKMARK [1][-]{section.176}{\376\377\0005\000.\0004\000\040\000F\000u\000t\000u\000r\000e\000\040\000W\000o\000r\000k}{chapter.170}% 56
\BOOKMARK [2][-]{subsection.177}{\376\377\0005\000.\0004\000.\0001\000\040\000F\000u\000t\000u\000r\000e\000\040\000E\000m\000p\000i\000r\000i\000c\000a\000l\000\040\000E\000v\000a\000l\000u\000a\000t\000i\000o\000n}{section.176}% 57
\BOOKMARK [2][-]{subsection.178}{\376\377\0005\000.\0004\000.\0002\000\040\000F\000u\000t\000u\000r\000e\000\040\000R\000e\000s\000o\000u\000r\000c\000e\000\040\000A\000l\000l\000o\000c\000a\000t\000i\000o\000n\000\040\000M\000e\000c\000h\000a\000n\000i\000s\000m\000s}{section.176}% 58
\BOOKMARK [0][-]{appendix.182}{\376\377\000A\000\040\000A\000p\000p\000e\000n\000d\000i\000x}{}% 59
\BOOKMARK [0][-]{dummy.183}{\376\377\000R\000e\000f\000e\000r\000e\000n\000c\000e\000s}{}% 60
